<?xml version="1.0" encoding="UTF-8"?>
<testsuite xmlns:xsi="http://www.w3.org/2001/XMLSchema-instance" xsi:noNamespaceSchemaLocation="https://maven.apache.org/surefire/maven-surefire-plugin/xsd/surefire-test-report.xsd" name="com.fiserv.uba.gateway.exception.GlobalExceptionHandlerTest" time="0.142" tests="3" errors="0" skipped="0" failures="0">
  <properties>
[...]
</properties>
  <testcase name="testHandleGatewayServerException" classname="com.fiserv.uba.gateway.exception.GlobalExceptionHandlerTest" time="0.076"/>
  <testcase name="testHandleGenericException" classname="com.fiserv.uba.gateway.exception.GlobalExceptionHandlerTest" time="0.006"/>
  <testcase name="testHandleGatewayClientException" classname="com.fiserv.uba.gateway.exception.GlobalExceptionHandlerTest" time="0"/>
</testsuite>